<?xml version="1.0" encoding="UTF-8"?>
<testng-results skipped="0" failed="0" total="1" passed="1">
  <reporter-output>
  </reporter-output>
  <suite name="Default suite" duration-ms="11223" started-at="2016-08-02T01:59:09Z" finished-at="2016-08-02T01:59:20Z">
    <groups>
    </groups>
    <test name="Default test" duration-ms="11223" started-at="2016-08-02T01:59:09Z" finished-at="2016-08-02T01:59:20Z">
      <class name="com.outlook.testCases.Test1">
        <test-method status="PASS" signature="beforeClass()[pri:0, instance:com.outlook.testCases.Test1@7c1e2a9e]" name="beforeClass" is-config="true" duration-ms="10" started-at="2016-08-02T09:59:09Z" finished-at="2016-08-02T09:59:09Z">
          <reporter-output>
          </reporter-output>
        </test-method> <!-- beforeClass -->
        <test-method status="PASS" signature="beforeMethod()[pri:0, instance:com.outlook.testCases.Test1@7c1e2a9e]" name="beforeMethod" is-config="true" duration-ms="8844" started-at="2016-08-02T09:59:09Z" finished-at="2016-08-02T09:59:18Z">
          <reporter-output>
          </reporter-output>
        </test-method> <!-- beforeMethod -->
        <test-method status="PASS" signature="f()[pri:0, instance:com.outlook.testCases.Test1@7c1e2a9e]" name="f" duration-ms="2013" started-at="2016-08-02T09:59:18Z" finished-at="2016-08-02T09:59:20Z">
          <reporter-output>
          </reporter-output>
        </test-method> <!-- f -->
        <test-method status="PASS" signature="afterMethod()[pri:0, instance:com.outlook.testCases.Test1@7c1e2a9e]" name="afterMethod" is-config="true" duration-ms="340" started-at="2016-08-02T09:59:20Z" finished-at="2016-08-02T09:59:20Z">
          <reporter-output>
          </reporter-output>
        </test-method> <!-- afterMethod -->
      </class> <!-- com.outlook.testCases.Test1 -->
    </test> <!-- Default test -->
  </suite> <!-- Default suite -->
</testng-results>
